<?xml version="1.0" encoding="UTF-8"?>
<!-- Generated by org.testng.reporters.JUnitReportReporter -->
<testsuite hostname="DESKTOP-02HTNM8" failures="0" tests="5" name="com.nxtgenai.registerdemo.RegisterDemoFlow" time="12.131" errors="0" timestamp="2023-11-26T19:26:46 IST" skipped="3">
  <testcase classname="com.nxtgenai.registerdemo.RegisterDemoFlow" name="launchApplication" time="11.892">
    <system-out>
      <![CDATA[Application is launched]]>
    </system-out>
  </testcase> <!-- launchApplication -->
  <testcase classname="com.nxtgenai.registerdemo.RegisterDemoFlow" name="closeApplication" time="0.239">
    <system-out>
      <![CDATA[Application is closed]]>
    </system-out>
  </testcase> <!-- closeApplication -->
  <testcase classname="com.nxtgenai.registerdemo.RegisterDemoFlow" name="navigateToRegisterDemoPage">
    <skipped/>
  </testcase> <!-- navigateToRegisterDemoPage -->
  <testcase classname="com.nxtgenai.registerdemo.RegisterDemoFlow" name="validateSuccessfulMessage">
    <skipped/>
  </testcase> <!-- validateSuccessfulMessage -->
  <testcase classname="com.nxtgenai.registerdemo.RegisterDemoFlow" name="registerDemo">
    <skipped/>
  </testcase> <!-- registerDemo -->
  <system-out>
    <![CDATA[Application is launched
Application is closed]]>
  </system-out>
</testsuite> <!-- com.nxtgenai.registerdemo.RegisterDemoFlow -->
