<?xml version="1.0" encoding="UTF-8"?>
<!-- Generated by org.testng.reporters.JUnitReportReporter -->
<testsuite hostname="DESKTOP-02HTNM8" failures="0" tests="5" name="com.nxtgenai.registerdemo.RegisterDemoFlow" time="12.072" errors="0" timestamp="2023-11-26T19:59:49 IST" skipped="0">
  <testcase classname="com.nxtgenai.registerdemo.RegisterDemoFlow" name="launchApplication" time="5.897">
    <system-out>
      <![CDATA[Application is launched]]>
    </system-out>
  </testcase> <!-- launchApplication -->
  <testcase classname="com.nxtgenai.registerdemo.RegisterDemoFlow" name="navigateToRegisterDemoPage" time="1.925">
    <system-out>
      <![CDATA[Register Demo Page is displayed]]>
    </system-out>
  </testcase> <!-- navigateToRegisterDemoPage -->
  <testcase classname="com.nxtgenai.registerdemo.RegisterDemoFlow" name="registerDemo" time="3.963">
    <system-out>
      <![CDATA[First Name is Displayed
First Name is Enabled
First Name Value is: Vinoth
Last Name is Displayed
Last Name is Enabled
Last Name Value is: R
Male Radio Button is Displayed
Male Radio Button is enabled
Male Radio Button is not selected
Male Radio Button is selected
Street Address is Displayed
Street Address is Enabled
Street Address Value is: xyZ
Apartment Number is Displayed
Apartment Number is Enabled
Apartment Number Value is : S1
City Name is Displayed
City Name is enabled
City Name Value is : Chennai
State is Displayed
State is enabled
State Value is : Tamil Nadu
Postal Code is Displayed
Postal Code is Enabled
Postal Code Value is : 560078
Country Drop Down is Displayed
Country Drop Down is Enabled
Email is Displayed
Email is Enabled
Email Id is: ra@aol.com
Date of Demo is Displayed
Date of Demo is Enabled
Date of Demo Value is : 01/27/2023
Hour DropDown is Displayed
Hour DropDown is Enabled
Hour dropdown value is: 09
Minute DropDown is Displayed
Minute DropDown is Enabled
Minute Drop Down Value is : 30
Mobile Number is Displayed
Mobile Number is Enabled
Mobile Number Value is : 123456789
UFT Check Box is Displayed
UFT Check Box is Enabled
UFT Check Box is not selected
UFT Check Box is selected
Selenium WebDriver Check Box is Displayed
Selenium WebDriver Check Box is Enabled
Selenium WebDriver Check Box is not selected
Selenium WebDriver Check Box is Selected
Enter Your Query is Displayed
Enter Your Query is Enabled
Enter Your Query is: Registration is done successfully without any error
Enter Any Two Digits is Displayed
Enter Any Two Digits is Enabled
Enter Any Two Digits is: 99
Submit Button is Clicked]]>
    </system-out>
  </testcase> <!-- registerDemo -->
  <testcase classname="com.nxtgenai.registerdemo.RegisterDemoFlow" name="validateSuccessfulMessage" time="0.047">
    <system-out>
      <![CDATA[Successful Message Text is Displayed
User is registered successfully
Actual and expected Successful Msg Text are the same
The Successful Message Text is : Dynamic Transaction Verification
Registration Form is Successfully Submitted. The Transaction ID : NXTGEN58248
Successful Message is validated]]>
    </system-out>
  </testcase> <!-- validateSuccessfulMessage -->
  <testcase classname="com.nxtgenai.registerdemo.RegisterDemoFlow" name="closeApplication" time="0.240">
    <system-out>
      <![CDATA[Application is closed]]>
    </system-out>
  </testcase> <!-- closeApplication -->
  <system-out>
    <![CDATA[Application is launched
Register Demo Page is displayed
First Name is Displayed
First Name is Enabled
First Name Value is: Vinoth
Last Name is Displayed
Last Name is Enabled
Last Name Value is: R
Male Radio Button is Displayed
Male Radio Button is enabled
Male Radio Button is not selected
Male Radio Button is selected
Street Address is Displayed
Street Address is Enabled
Street Address Value is: xyZ
Apartment Number is Displayed
Apartment Number is Enabled
Apartment Number Value is : S1
City Name is Displayed
City Name is enabled
City Name Value is : Chennai
State is Displayed
State is enabled
State Value is : Tamil Nadu
Postal Code is Displayed
Postal Code is Enabled
Postal Code Value is : 560078
Country Drop Down is Displayed
Country Drop Down is Enabled
Email is Displayed
Email is Enabled
Email Id is: ra@aol.com
Date of Demo is Displayed
Date of Demo is Enabled
Date of Demo Value is : 01/27/2023
Hour DropDown is Displayed
Hour DropDown is Enabled
Hour dropdown value is: 09
Minute DropDown is Displayed
Minute DropDown is Enabled
Minute Drop Down Value is : 30
Mobile Number is Displayed
Mobile Number is Enabled
Mobile Number Value is : 123456789
UFT Check Box is Displayed
UFT Check Box is Enabled
UFT Check Box is not selected
UFT Check Box is selected
Selenium WebDriver Check Box is Displayed
Selenium WebDriver Check Box is Enabled
Selenium WebDriver Check Box is not selected
Selenium WebDriver Check Box is Selected
Enter Your Query is Displayed
Enter Your Query is Enabled
Enter Your Query is: Registration is done successfully without any error
Enter Any Two Digits is Displayed
Enter Any Two Digits is Enabled
Enter Any Two Digits is: 99
Submit Button is Clicked
Successful Message Text is Displayed
User is registered successfully
Actual and expected Successful Msg Text are the same
The Successful Message Text is : Dynamic Transaction Verification
Registration Form is Successfully Submitted. The Transaction ID : NXTGEN58248
Successful Message is validated
Application is closed]]>
  </system-out>
</testsuite> <!-- com.nxtgenai.registerdemo.RegisterDemoFlow -->
